\BOOKMARK [1][-]{section.1}{Strings}{}% 1
\BOOKMARK [2][-]{subsection.1.1}{Creating\040a\040String\040Instance}{section.1}% 2
\BOOKMARK [2][-]{subsection.1.2}{String\040Methods}{section.1}% 3
\BOOKMARK [1][-]{section.2}{HashSet}{}% 4
\BOOKMARK [2][-]{subsection.2.1}{Constructors}{section.2}% 5
\BOOKMARK [2][-]{subsection.2.2}{Creating\040a\040HashSet\040Instance}{section.2}% 6
\BOOKMARK [2][-]{subsection.2.3}{HashSet\040Methods}{section.2}% 7
\BOOKMARK [1][-]{section.3}{HashMap}{}% 8
\BOOKMARK [2][-]{subsection.3.1}{Constructors}{section.3}% 9
\BOOKMARK [2][-]{subsection.3.2}{Creating\040a\040HashMap\040Instance}{section.3}% 10
\BOOKMARK [2][-]{subsection.3.3}{HashMap\040Methods}{section.3}% 11
\BOOKMARK [1][-]{section.4}{Hashtable}{}% 12
\BOOKMARK [2][-]{subsection.4.1}{Constructors}{section.4}% 13
\BOOKMARK [2][-]{subsection.4.2}{Creating\040a\040Hashtable\040Instance}{section.4}% 14
\BOOKMARK [2][-]{subsection.4.3}{Hashtable\040Methods}{section.4}% 15
\BOOKMARK [1][-]{section.5}{Interface\040Enumeration<E>}{}% 16
\BOOKMARK [2][-]{subsection.5.1}{Enumeration\040Methods}{section.5}% 17
\BOOKMARK [1][-]{section.6}{Arrays}{}% 18
\BOOKMARK [2][-]{subsection.6.1}{Arrays\040Methods}{section.6}% 19
\BOOKMARK [3][-]{subsubsection.6.1.1}{Sort}{subsection.6.1}% 20
\BOOKMARK [3][-]{subsubsection.6.1.2}{parallelSort}{subsection.6.1}% 21
\BOOKMARK [3][-]{subsubsection.6.1.3}{Parallel\040Prefix}{subsection.6.1}% 22
\BOOKMARK [3][-]{subsubsection.6.1.4}{Binary\040Search}{subsection.6.1}% 23
\BOOKMARK [3][-]{subsubsection.6.1.5}{Equals}{subsection.6.1}% 24
\BOOKMARK [3][-]{subsubsection.6.1.6}{Fill}{subsection.6.1}% 25
\BOOKMARK [3][-]{subsubsection.6.1.7}{copyOf}{subsection.6.1}% 26
\BOOKMARK [3][-]{subsubsection.6.1.8}{copyOfRange}{subsection.6.1}% 27
\BOOKMARK [3][-]{subsubsection.6.1.9}{asList}{subsection.6.1}% 28
\BOOKMARK [3][-]{subsubsection.6.1.10}{hashCode}{subsection.6.1}% 29
\BOOKMARK [3][-]{subsubsection.6.1.11}{deepHashCode}{subsection.6.1}% 30
\BOOKMARK [3][-]{subsubsection.6.1.12}{deepEquals}{subsection.6.1}% 31
\BOOKMARK [3][-]{subsubsection.6.1.13}{toString}{subsection.6.1}% 32
\BOOKMARK [3][-]{subsubsection.6.1.14}{deepToString}{subsection.6.1}% 33
\BOOKMARK [1][-]{section.7}{Vector}{}% 34
\BOOKMARK [2][-]{subsection.7.1}{Constructors}{section.7}% 35
\BOOKMARK [2][-]{subsection.7.2}{Vector\040Methods}{section.7}% 36
\BOOKMARK [1][-]{section.8}{ArrayList}{}% 37
\BOOKMARK [2][-]{subsection.8.1}{Constructors}{section.8}% 38
\BOOKMARK [2][-]{subsection.8.2}{ArrayList\040Methods}{section.8}% 39
\BOOKMARK [1][-]{section.9}{LinkedList}{}% 40
\BOOKMARK [2][-]{subsection.9.1}{Constructors}{section.9}% 41
\BOOKMARK [2][-]{subsection.9.2}{LinkedList\040Methods}{section.9}% 42
\BOOKMARK [1][-]{section.10}{StringBuffer\040/\040StringBuilder}{}% 43
\BOOKMARK [2][-]{subsection.10.1}{Constructors}{section.10}% 44
\BOOKMARK [2][-]{subsection.10.2}{StringBuffer\040Methods}{section.10}% 45
\BOOKMARK [1][-]{section.11}{ArrayDeque}{}% 46
\BOOKMARK [2][-]{subsection.11.1}{Constructors}{section.11}% 47
\BOOKMARK [2][-]{subsection.11.2}{Creating\040an\040ArrayDeque\040Instance}{section.11}% 48
\BOOKMARK [2][-]{subsection.11.3}{ArrayDeque\040Methods}{section.11}% 49
\BOOKMARK [1][-]{section.12}{Collections}{}% 50
\BOOKMARK [2][-]{subsection.12.1}{Fields}{section.12}% 51
