This is XeTeX, Version 3.14159265-2.6-0.99999 (TeX Live 2018/W32TeX) (preloaded format=xelatex 2019.1.28)  4 APR 2019 18:07
entering extended mode
 restricted \write18 enabled.
 %&-line parsing enabled.
**JavaCheat.tex
(./JavaCheat.tex
LaTeX2e <2018-12-01>
(d:/texlive/2018/texmf-dist/tex/latex/base/article.cls
Document Class: article 2018/09/03 v1.4i Standard LaTeX document class
(d:/texlive/2018/texmf-dist/tex/latex/base/size12.clo
File: size12.clo 2018/09/03 v1.4i Standard LaTeX file (size option)
)
\c@part=\count80
\c@section=\count81
\c@subsection=\count82
\c@subsubsection=\count83
\c@paragraph=\count84
\c@subparagraph=\count85
\c@figure=\count86
\c@table=\count87
\abovecaptionskip=\skip41
\belowcaptionskip=\skip42
\bibindent=\dimen102
)
(d:/texlive/2018/texmf-dist/tex/latex/tools/multicol.sty
Package: multicol 2018/12/27 v1.8v multicolumn formatting (FMi)
\c@tracingmulticols=\count88
\mult@box=\box27
\multicol@leftmargin=\dimen103
\c@unbalance=\count89
\c@collectmore=\count90
\doublecol@number=\count91
\multicoltolerance=\count92
\multicolpretolerance=\count93
\full@width=\dimen104
\page@free=\dimen105
\premulticols=\dimen106
\postmulticols=\dimen107
\multicolsep=\skip43
\multicolbaselineskip=\skip44
\partial@page=\box28
\last@line=\box29
\maxbalancingoverflow=\dimen108
\mult@rightbox=\box30
\mult@grightbox=\box31
\mult@gfirstbox=\box32
\mult@firstbox=\box33
\@tempa=\box34
\@tempa=\box35
\@tempa=\box36
\@tempa=\box37
\@tempa=\box38
\@tempa=\box39
\@tempa=\box40
\@tempa=\box41
\@tempa=\box42
\@tempa=\box43
\@tempa=\box44
\@tempa=\box45
\@tempa=\box46
\@tempa=\box47
\@tempa=\box48
\@tempa=\box49
\@tempa=\box50
\c@columnbadness=\count94
\c@finalcolumnbadness=\count95
\last@try=\dimen109
\multicolovershoot=\dimen110
\multicolundershoot=\dimen111
\mult@nat@firstbox=\box51
\colbreak@box=\box52
\mc@col@check@num=\count96
)
(d:/texlive/2018/texmf-dist/tex/latex/wrapfig/wrapfig.sty
\wrapoverhang=\dimen112
\WF@size=\dimen113
\c@WF@wrappedlines=\count97
\WF@box=\box53
\WF@everypar=\toks14
Package: wrapfig 2003/01/31  v 3.6
)
(d:/texlive/2018/texmf-dist/tex/latex/geometry/geometry.sty
Package: geometry 2018/04/16 v5.8 Page Geometry

(d:/texlive/2018/texmf-dist/tex/latex/graphics/keyval.sty
Package: keyval 2014/10/28 v1.15 key=value parser (DPC)
\KV@toks@=\toks15
)
(d:/texlive/2018/texmf-dist/tex/generic/oberdiek/ifpdf.sty
Package: ifpdf 2018/09/07 v3.3 Provides the ifpdf switch
)
(d:/texlive/2018/texmf-dist/tex/generic/oberdiek/ifvtex.sty
Package: ifvtex 2016/05/16 v1.6 Detect VTeX and its facilities (HO)
Package ifvtex Info: VTeX not detected.
)
(d:/texlive/2018/texmf-dist/tex/generic/ifxetex/ifxetex.sty
Package: ifxetex 2010/09/12 v0.6 Provides ifxetex conditional
)
\Gm@cnth=\count98
\Gm@cntv=\count99
\c@Gm@tempcnt=\count100
\Gm@bindingoffset=\dimen114
\Gm@wd@mp=\dimen115
\Gm@odd@mp=\dimen116
\Gm@even@mp=\dimen117
\Gm@layoutwidth=\dimen118
\Gm@layoutheight=\dimen119
\Gm@layouthoffset=\dimen120
\Gm@layoutvoffset=\dimen121
\Gm@dimlist=\toks16
)
(d:/texlive/2018/texmf-dist/tex/latex/microtype/microtype.sty
Package: microtype 2018/01/14 v2.7a Micro-typographical refinements (RS)
\MT@toks=\toks17
\MT@count=\count101
LaTeX Info: Redefining \textls on input line 793.
\MT@outer@kern=\dimen122
LaTeX Info: Redefining \textmicrotypecontext on input line 1339.
\MT@listname@count=\count102

(d:/texlive/2018/texmf-dist/tex/latex/microtype/microtype-xetex.def
File: microtype-xetex.def 2018/01/14 v2.7a Definitions specific to xetex (RS)
LaTeX Info: Redefining \lsstyle on input line 256.
)
Package microtype Info: Loading configuration file microtype.cfg.

(d:/texlive/2018/texmf-dist/tex/latex/microtype/microtype.cfg
File: microtype.cfg 2018/01/14 v2.7a microtype main configuration file (RS)
))
(d:/texlive/2018/texmf-dist/tex/latex/enumitem/enumitem.sty
Package: enumitem 2019/01/14 v3.7 Customized lists
\labelindent=\skip45
\enit@outerparindent=\dimen123
\enit@toks=\toks18
\enit@inbox=\box54
\enit@count@id=\count103
\enitdp@description=\count104
)
(d:/texlive/2018/texmf-dist/tex/latex/fontspec/fontspec.sty
(d:/texlive/2018/texmf-dist/tex/latex/l3packages/xparse/xparse.sty
(d:/texlive/2018/texmf-dist/tex/latex/l3kernel/expl3.sty
Package: expl3 2019-01-13 L3 programming layer (loader) 

(d:/texlive/2018/texmf-dist/tex/latex/l3kernel/expl3-code.tex
Package: expl3 2019-01-13 L3 programming layer (code)
\c_max_int=\count105
\l_tmpa_int=\count106
\l_tmpb_int=\count107
\g_tmpa_int=\count108
\g_tmpb_int=\count109
\g__kernel_prg_map_int=\count110
\c_log_iow=\count111
\l_iow_line_count_int=\count112
\l__iow_line_target_int=\count113
\l__iow_one_indent_int=\count114
\l__iow_indent_int=\count115
\c_zero_dim=\dimen124
\c_max_dim=\dimen125
\l_tmpa_dim=\dimen126
\l_tmpb_dim=\dimen127
\g_tmpa_dim=\dimen128
\g_tmpb_dim=\dimen129
\c_zero_skip=\skip46
\c_max_skip=\skip47
\l_tmpa_skip=\skip48
\l_tmpb_skip=\skip49
\g_tmpa_skip=\skip50
\g_tmpb_skip=\skip51
\c_zero_muskip=\muskip10
\c_max_muskip=\muskip11
\l_tmpa_muskip=\muskip12
\l_tmpb_muskip=\muskip13
\g_tmpa_muskip=\muskip14
\g_tmpb_muskip=\muskip15
\l_keys_choice_int=\count116
\l__intarray_loop_int=\count117
\c__intarray_sp_dim=\dimen130
\g__intarray_font_int=\count118
\c__fp_leading_shift_int=\count119
\c__fp_middle_shift_int=\count120
\c__fp_trailing_shift_int=\count121
\c__fp_big_leading_shift_int=\count122
\c__fp_big_middle_shift_int=\count123
\c__fp_big_trailing_shift_int=\count124
\c__fp_Bigg_leading_shift_int=\count125
\c__fp_Bigg_middle_shift_int=\count126
\c__fp_Bigg_trailing_shift_int=\count127
\g__fp_array_int=\count128
\l__fp_array_loop_int=\count129
\l__sort_length_int=\count130
\l__sort_min_int=\count131
\l__sort_top_int=\count132
\l__sort_max_int=\count133
\l__sort_true_max_int=\count134
\l__sort_block_int=\count135
\l__sort_begin_int=\count136
\l__sort_end_int=\count137
\l__sort_A_int=\count138
\l__sort_B_int=\count139
\l__sort_C_int=\count140
\l__tl_analysis_normal_int=\count141
\l__tl_analysis_index_int=\count142
\l__tl_analysis_nesting_int=\count143
\l__tl_analysis_type_int=\count144
\l__regex_internal_a_int=\count145
\l__regex_internal_b_int=\count146
\l__regex_internal_c_int=\count147
\l__regex_balance_int=\count148
\l__regex_group_level_int=\count149
\l__regex_mode_int=\count150
\c__regex_cs_in_class_mode_int=\count151
\c__regex_cs_mode_int=\count152
\l__regex_catcodes_int=\count153
\l__regex_default_catcodes_int=\count154
\c__regex_catcode_L_int=\count155
\c__regex_catcode_O_int=\count156
\c__regex_catcode_A_int=\count157
\c__regex_all_catcodes_int=\count158
\l__regex_show_lines_int=\count159
\l__regex_min_state_int=\count160
\l__regex_max_state_int=\count161
\l__regex_left_state_int=\count162
\l__regex_right_state_int=\count163
\l__regex_capturing_group_int=\count164
\l__regex_min_pos_int=\count165
\l__regex_max_pos_int=\count166
\l__regex_curr_pos_int=\count167
\l__regex_start_pos_int=\count168
\l__regex_success_pos_int=\count169
\l__regex_curr_char_int=\count170
\l__regex_curr_catcode_int=\count171
\l__regex_last_char_int=\count172
\l__regex_case_changed_char_int=\count173
\l__regex_curr_state_int=\count174
\l__regex_step_int=\count175
\l__regex_min_active_int=\count176
\l__regex_max_active_int=\count177
\l__regex_replacement_csnames_int=\count178
\l__regex_match_count_int=\count179
\l__regex_min_submatch_int=\count180
\l__regex_submatch_int=\count181
\l__regex_zeroth_submatch_int=\count182
\g__regex_trace_regex_int=\count183
\c_empty_box=\box55
\l_tmpa_box=\box56
\l_tmpb_box=\box57
\g_tmpa_box=\box58
\g_tmpb_box=\box59
\l__box_top_dim=\dimen131
\l__box_bottom_dim=\dimen132
\l__box_left_dim=\dimen133
\l__box_right_dim=\dimen134
\l__box_top_new_dim=\dimen135
\l__box_bottom_new_dim=\dimen136
\l__box_left_new_dim=\dimen137
\l__box_right_new_dim=\dimen138
\l__box_internal_box=\box60
\l__coffin_internal_box=\box61
\l__coffin_internal_dim=\dimen139
\l__coffin_offset_x_dim=\dimen140
\l__coffin_offset_y_dim=\dimen141
\l__coffin_x_dim=\dimen142
\l__coffin_y_dim=\dimen143
\l__coffin_x_prime_dim=\dimen144
\l__coffin_y_prime_dim=\dimen145
\c_empty_coffin=\box62
\l__coffin_aligned_coffin=\box63
\l__coffin_aligned_internal_coffin=\box64
\l_tmpa_coffin=\box65
\l_tmpb_coffin=\box66
\l__coffin_display_coffin=\box67
\l__coffin_display_coord_coffin=\box68
\l__coffin_display_pole_coffin=\box69
\l__coffin_display_offset_dim=\dimen146
\l__coffin_display_x_dim=\dimen147
\l__coffin_display_y_dim=\dimen148
\g__file_internal_ior=\read1
\l__coffin_bounding_shift_dim=\dimen149
\l__coffin_left_corner_dim=\dimen150
\l__coffin_right_corner_dim=\dimen151
\l__coffin_bottom_corner_dim=\dimen152
\l__coffin_top_corner_dim=\dimen153
\l__coffin_scaled_total_height_dim=\dimen154
\l__coffin_scaled_width_dim=\dimen155
)
(d:/texlive/2018/texmf-dist/tex/latex/l3kernel/l3xdvipdfmx.def
File: l3xdvidpfmx.def 2019-01-13 v L3 Experimental driver: xdvipdfmx
\g__driver_image_int=\count184
\g__driver_pdf_object_int=\count185
))
Package: xparse 2018-10-17 L3 Experimental document command parser
\l__xparse_current_arg_int=\count186
\g__xparse_grabber_int=\count187
\l__xparse_m_args_int=\count188
\l__xparse_mandatory_args_int=\count189
\l__xparse_v_nesting_int=\count190
)
Package: fontspec 2019/01/25 v2.7a Font selection for XeLaTeX and LuaLaTeX

(d:/texlive/2018/texmf-dist/tex/latex/fontspec/fontspec-xetex.sty
Package: fontspec-xetex 2019/01/25 v2.7a Font selection for XeLaTeX and LuaLaTe
X
\l__fontspec_script_int=\count191
\l__fontspec_language_int=\count192
\l__fontspec_strnum_int=\count193
\l__fontspec_tmp_int=\count194
\l__fontspec_tmpa_int=\count195
\l__fontspec_tmpb_int=\count196
\l__fontspec_tmpc_int=\count197
\l__fontspec_em_int=\count198
\l__fontspec_emdef_int=\count199
\l__fontspec_strong_int=\count266
\l__fontspec_strongdef_int=\count267
\l__fontspec_tmpa_dim=\dimen156
\l__fontspec_tmpb_dim=\dimen157
\l__fontspec_tmpc_dim=\dimen158

(d:/texlive/2018/texmf-dist/tex/latex/base/fontenc.sty
Package: fontenc 2018/08/11 v2.0j Standard LaTeX package

(d:/texlive/2018/texmf-dist/tex/latex/base/tuenc.def
File: tuenc.def 2018/08/11 v2.0j Standard LaTeX file
LaTeX Font Info:    Redeclaring font encoding TU on input line 82.
))
(d:/texlive/2018/texmf-dist/tex/latex/fontspec/fontspec.cfg)
LaTeX Info: Redefining \itshape on input line 4017.
LaTeX Info: Redefining \slshape on input line 4022.
LaTeX Info: Redefining \scshape on input line 4027.
LaTeX Info: Redefining \upshape on input line 4032.
LaTeX Info: Redefining \em on input line 4062.
LaTeX Info: Redefining \emph on input line 4087.
))
(d:/texlive/2018/texmf-dist/tex/latex/titlesec/titlesec.sty
Package: titlesec 2016/03/21 v2.10.2 Sectioning titles
\ttl@box=\box70
\beforetitleunit=\skip52
\aftertitleunit=\skip53
\ttl@plus=\dimen159
\ttl@minus=\dimen160
\ttl@toksa=\toks19
\titlewidth=\dimen161
\titlewidthlast=\dimen162
\titlewidthfirst=\dimen163
)
(d:/texlive/2018/texmf-dist/tex/latex/xcolor/xcolor.sty
Package: xcolor 2016/05/11 v2.12 LaTeX color extensions (UK)

(d:/texlive/2018/texmf-dist/tex/latex/graphics-cfg/color.cfg
File: color.cfg 2016/01/02 v1.6 sample color configuration
)
Package xcolor Info: Driver file: xetex.def on input line 225.

(d:/texlive/2018/texmf-dist/tex/latex/graphics-def/xetex.def
File: xetex.def 2017/06/24 v5.0h Graphics/color driver for xetex
)
Package xcolor Info: Model `cmy' substituted by `cmy0' on input line 1348.
Package xcolor Info: Model `RGB' extended on input line 1364.
Package xcolor Info: Model `HTML' substituted by `rgb' on input line 1366.
Package xcolor Info: Model `Hsb' substituted by `hsb' on input line 1367.
Package xcolor Info: Model `tHsb' substituted by `hsb' on input line 1368.
Package xcolor Info: Model `HSB' substituted by `hsb' on input line 1369.
Package xcolor Info: Model `Gray' substituted by `gray' on input line 1370.
Package xcolor Info: Model `wave' substituted by `hsb' on input line 1371.

(d:/texlive/2018/texmf-dist/tex/latex/graphics/dvipsnam.def
File: dvipsnam.def 2016/06/17 v3.0m Driver-dependent file (DPC,SPQR)
))
(d:/texlive/2018/texmf-dist/tex/latex/hyperref/hyperref.sty
Package: hyperref 2018/11/30 v6.88e Hypertext links for LaTeX

(d:/texlive/2018/texmf-dist/tex/generic/oberdiek/hobsub-hyperref.sty
Package: hobsub-hyperref 2016/05/16 v1.14 Bundle oberdiek, subset hyperref (HO)


(d:/texlive/2018/texmf-dist/tex/generic/oberdiek/hobsub-generic.sty
Package: hobsub-generic 2016/05/16 v1.14 Bundle oberdiek, subset generic (HO)
Package: hobsub 2016/05/16 v1.14 Construct package bundles (HO)
Package: infwarerr 2016/05/16 v1.4 Providing info/warning/error messages (HO)
Package: ltxcmds 2016/05/16 v1.23 LaTeX kernel commands for general use (HO)
Package: ifluatex 2016/05/16 v1.4 Provides the ifluatex switch (HO)
Package ifluatex Info: LuaTeX not detected.
Package hobsub Info: Skipping package `ifvtex' (already loaded).
Package: intcalc 2016/05/16 v1.2 Expandable calculations with integers (HO)
Package hobsub Info: Skipping package `ifpdf' (already loaded).
Package: etexcmds 2016/05/16 v1.6 Avoid name clashes with e-TeX commands (HO)
Package etexcmds Info: Could not find \expanded.
(etexcmds)             That can mean that you are not using pdfTeX 1.50 or
(etexcmds)             that some package has redefined \expanded.
(etexcmds)             In the latter case, load this package earlier.
Package: kvsetkeys 2016/05/16 v1.17 Key value parser (HO)
Package: kvdefinekeys 2016/05/16 v1.4 Define keys (HO)
Package: pdftexcmds 2018/09/10 v0.29 Utility functions of pdfTeX for LuaTeX (HO
)
Package pdftexcmds Info: LuaTeX not detected.
Package pdftexcmds Info: pdfTeX >= 1.30 not detected.
Package pdftexcmds Info: \pdf@primitive is available.
Package pdftexcmds Info: \pdf@ifprimitive is available.
Package pdftexcmds Info: \pdfdraftmode not found.
Package: pdfescape 2016/05/16 v1.14 Implements pdfTeX's escape features (HO)
Package: bigintcalc 2016/05/16 v1.4 Expandable calculations on big integers (HO
)
Package: bitset 2016/05/16 v1.2 Handle bit-vector datatype (HO)
Package: uniquecounter 2016/05/16 v1.3 Provide unlimited unique counter (HO)
)
Package hobsub Info: Skipping package `hobsub' (already loaded).
Package: letltxmacro 2016/05/16 v1.5 Let assignment for LaTeX macros (HO)
Package: hopatch 2016/05/16 v1.3 Wrapper for package hooks (HO)
Package: xcolor-patch 2016/05/16 xcolor patch
Package: atveryend 2016/05/16 v1.9 Hooks at the very end of document (HO)
Package atveryend Info: \enddocument detected (standard20110627).
Package: atbegshi 2016/06/09 v1.18 At begin shipout hook (HO)
Package: refcount 2016/05/16 v3.5 Data extraction from label references (HO)
Package: hycolor 2016/05/16 v1.8 Color options for hyperref/bookmark (HO)
)
(d:/texlive/2018/texmf-dist/tex/latex/oberdiek/auxhook.sty
Package: auxhook 2016/05/16 v1.4 Hooks for auxiliary files (HO)
)
(d:/texlive/2018/texmf-dist/tex/latex/oberdiek/kvoptions.sty
Package: kvoptions 2016/05/16 v3.12 Key value format for package options (HO)
)
\@linkdim=\dimen164
\Hy@linkcounter=\count268
\Hy@pagecounter=\count269

(d:/texlive/2018/texmf-dist/tex/latex/hyperref/pd1enc.def
File: pd1enc.def 2018/11/30 v6.88e Hyperref: PDFDocEncoding definition (HO)
)
\Hy@SavedSpaceFactor=\count270

(d:/texlive/2018/texmf-dist/tex/latex/latexconfig/hyperref.cfg
File: hyperref.cfg 2002/06/06 v1.2 hyperref configuration of TeXLive
)
Package hyperref Info: Hyper figures OFF on input line 4519.
Package hyperref Info: Link nesting OFF on input line 4524.
Package hyperref Info: Hyper index ON on input line 4527.
Package hyperref Info: Plain pages OFF on input line 4534.
Package hyperref Info: Backreferencing OFF on input line 4539.
Package hyperref Info: Implicit mode ON; LaTeX internals redefined.
Package hyperref Info: Bookmarks ON on input line 4772.
\c@Hy@tempcnt=\count271

(d:/texlive/2018/texmf-dist/tex/latex/url/url.sty
\Urlmuskip=\muskip16
Package: url 2013/09/16  ver 3.4  Verb mode for urls, etc.
)
LaTeX Info: Redefining \url on input line 5125.
\XeTeXLinkMargin=\dimen165
\Fld@menulength=\count272
\Field@Width=\dimen166
\Fld@charsize=\dimen167
Package hyperref Info: Hyper figures OFF on input line 6380.
Package hyperref Info: Link nesting OFF on input line 6385.
Package hyperref Info: Hyper index ON on input line 6388.
Package hyperref Info: backreferencing OFF on input line 6395.
Package hyperref Info: Link coloring OFF on input line 6400.
Package hyperref Info: Link coloring with OCG OFF on input line 6405.
Package hyperref Info: PDF/A mode OFF on input line 6410.
LaTeX Info: Redefining \ref on input line 6450.
LaTeX Info: Redefining \pageref on input line 6454.
\Hy@abspage=\count273
\c@Item=\count274
\c@Hfootnote=\count275
)
Package hyperref Info: Driver (autodetected): hxetex.

(d:/texlive/2018/texmf-dist/tex/latex/hyperref/hxetex.def
File: hxetex.def 2018/11/30 v6.88e Hyperref driver for XeTeX

(d:/texlive/2018/texmf-dist/tex/latex/hyperref/puenc.def
File: puenc.def 2018/11/30 v6.88e Hyperref: PDF Unicode definition (HO)
)
(d:/texlive/2018/texmf-dist/tex/generic/oberdiek/stringenc.sty
Package: stringenc 2016/05/16 v1.11 Convert strings between diff. encodings (HO
)
)
\pdfm@box=\box71
\c@Hy@AnnotLevel=\count276
\HyField@AnnotCount=\count277
\Fld@listcount=\count278
\c@bookmark@seq@number=\count279

(d:/texlive/2018/texmf-dist/tex/latex/oberdiek/rerunfilecheck.sty
Package: rerunfilecheck 2016/05/16 v1.8 Rerun checks for auxiliary files (HO)
Package uniquecounter Info: New unique counter `rerunfilecheck' on input line 2
82.
)
\Hy@SectionHShift=\skip54
)
Package hyperref Info: Option `colorlinks' set `true' on input line 29.


Package hyperref Warning: Option `pagecolor' is not available anymore.


Package hyperref Warning: Option `bookmarks' has already been used,
(hyperref)                setting the option has no effect on input line 29.

(d:/texlive/2018/texmf-dist/tex/generic/oberdiek/se-ascii-print.def
File: se-ascii-print.def 2016/05/16 v1.11 stringenc: Printable ASCII characters

)
Package hyperref Info: Option `pdfdisplaydoctitle' set `true' on input line 29.

Package hyperref Info: Option `pdftoolbar' set `true' on input line 29.
Package hyperref Info: Option `pdfmenubar' set `true' on input line 29.

Package fontspec Info: Font family 'AdobeGaramondPro(0)' created for font
(fontspec)             'Adobe Garamond Pro' with options
(fontspec)             [Ligatures=TeX,Ligatures={TeX,Common},BoldFont={AGaramon
dPro-Bold},ItalicFont={AGaramondPro-Italic},BoldItalicFont={AGaramondPro-Semibo
ldItalic}].
(fontspec)              
(fontspec)              This font family consists of the following NFSS
(fontspec)             series/shapes:
(fontspec)              
(fontspec)             - 'normal' (m/n) with NFSS spec.: <->"Adobe Garamond
(fontspec)             Pro/OT:script=latn;language=DFLT;+liga;mapping=tex-text;
"
(fontspec)             - 'small caps'  (m/sc) with NFSS spec.: <->"Adobe
(fontspec)             Garamond
(fontspec)             Pro/OT:script=latn;language=DFLT;+liga;+smcp;mapping=tex
-text;"
(fontspec)             - 'bold' (bx/n) with NFSS spec.:
(fontspec)             <->"AGaramondPro-Bold/OT:script=latn;language=DFLT;+liga
;mapping=tex-text;"
(fontspec)             - 'bold small caps'  (bx/sc) with NFSS spec.: 
(fontspec)             - 'italic' (m/it) with NFSS spec.:
(fontspec)             <->"AGaramondPro-Italic/OT:script=latn;language=DFLT;+li
ga;mapping=tex-text;"
(fontspec)             - 'italic small caps'  (m/itsc) with NFSS spec.: 
(fontspec)             - 'bold italic' (bx/it) with NFSS spec.:
(fontspec)             <->"AGaramondPro-SemiboldItalic/OT:script=latn;language=
DFLT;+liga;mapping=tex-text;"
(fontspec)             - 'bold italic small caps'  (bx/itsc) with NFSS spec.: 

LaTeX Info: Redefining \rmfamily on input line 43.

Package fontspec Info: Font family 'AdobeGaramondPro(1)' created for font
(fontspec)             'Adobe Garamond Pro' with options
(fontspec)             [Ligatures=TeX,Ligatures={TeX,Common},Color=555555].
(fontspec)              
(fontspec)              This font family consists of the following NFSS
(fontspec)             series/shapes:
(fontspec)              
(fontspec)             - 'normal' (m/n) with NFSS spec.: <->"Adobe Garamond
(fontspec)             Pro/OT:script=latn;language=DFLT;+liga;mapping=tex-text;
color=555555FF
(fontspec)             ;"
(fontspec)             - 'small caps'  (m/sc) with NFSS spec.: <->"Adobe
(fontspec)             Garamond
(fontspec)             Pro/OT:script=latn;language=DFLT;+liga;+smcp;mapping=tex
-text;color=555555FF
(fontspec)             ;"
(fontspec)             - 'bold' (bx/n) with NFSS spec.: <->"Adobe Garamond
(fontspec)             Pro/B/OT:script=latn;language=DFLT;+liga;mapping=tex-tex
t;color=555555FF
(fontspec)             ;"
(fontspec)             - 'bold small caps'  (bx/sc) with NFSS spec.: <->"Adobe
(fontspec)             Garamond
(fontspec)             Pro/B/OT:script=latn;language=DFLT;+liga;+smcp;mapping=t
ex-text;color=555555FF
(fontspec)             ;"
(fontspec)             - 'italic' (m/it) with NFSS spec.: <->"Adobe Garamond
(fontspec)             Pro/I/OT:script=latn;language=DFLT;+liga;mapping=tex-tex
t;color=555555FF
(fontspec)             ;"
(fontspec)             - 'italic small caps'  (m/itsc) with NFSS spec.: 
(fontspec)             - 'bold italic' (bx/it) with NFSS spec.: <->"Adobe
(fontspec)             Garamond
(fontspec)             Pro/BI/OT:script=latn;language=DFLT;+liga;mapping=tex-te
xt;color=555555FF
(fontspec)             ;"
(fontspec)             - 'bold italic small caps'  (bx/itsc) with NFSS spec.: 

LaTeX Info: Redefining \sffamily on input line 48.

(./JavaCheat.aux)
\openout1 = `JavaCheat.aux'.

LaTeX Font Info:    Checking defaults for OML/cmm/m/it on input line 66.
LaTeX Font Info:    ... okay on input line 66.
LaTeX Font Info:    Checking defaults for T1/cmr/m/n on input line 66.
LaTeX Font Info:    ... okay on input line 66.
LaTeX Font Info:    Checking defaults for OT1/cmr/m/n on input line 66.
LaTeX Font Info:    ... okay on input line 66.
LaTeX Font Info:    Checking defaults for OMS/cmsy/m/n on input line 66.
LaTeX Font Info:    ... okay on input line 66.
LaTeX Font Info:    Checking defaults for TU/lmr/m/n on input line 66.
LaTeX Font Info:    ... okay on input line 66.
LaTeX Font Info:    Checking defaults for OMX/cmex/m/n on input line 66.
LaTeX Font Info:    ... okay on input line 66.
LaTeX Font Info:    Checking defaults for U/cmr/m/n on input line 66.
LaTeX Font Info:    ... okay on input line 66.
LaTeX Font Info:    Checking defaults for PD1/pdf/m/n on input line 66.
LaTeX Font Info:    ... okay on input line 66.
LaTeX Font Info:    Checking defaults for PU/pdf/m/n on input line 66.
LaTeX Font Info:    ... okay on input line 66.

*geometry* driver: auto-detecting
*geometry* detected driver: xetex
*geometry* verbose mode - [ preamble ] result:
* driver: xetex
* paper: a4paper
* layout: <same size as paper>
* layoutoffset:(h,v)=(0.0pt,0.0pt)
* modes: landscape 
* h-part:(L,W,R)=(14.22636pt, 816.59412pt, 14.22636pt)
* v-part:(T,H,B)=(14.22636pt, 569.05515pt, 14.22636pt)
* \paperwidth=845.04684pt
* \paperheight=597.50787pt
* \textwidth=816.59412pt
* \textheight=569.05515pt
* \oddsidemargin=-58.04362pt
* \evensidemargin=-58.04362pt
* \topmargin=-95.04362pt
* \headheight=12.0pt
* \headsep=25.0pt
* \topskip=12.0pt
* \footskip=30.0pt
* \marginparwidth=144.0pt
* \marginparsep=10.0pt
* \columnsep=10.0pt
* \skip\footins=10.8pt plus 4.0pt minus 2.0pt
* \hoffset=0.0pt
* \voffset=0.0pt
* \mag=1000
* \@twocolumnfalse
* \@twosidefalse
* \@mparswitchfalse
* \@reversemarginfalse
* (1in=72.27pt=25.4mm, 1cm=28.453pt)

LaTeX Info: Redefining \microtypecontext on input line 66.
Package microtype Info: Character protrusion enabled (level 2).
Package microtype Info: Using default protrusion set `alltext'.
Package microtype Info: No adjustment of tracking.
Package microtype Info: No adjustment of spacing.
Package microtype Info: No adjustment of kerning.
Package microtype Info: Loading generic protrusion settings for font family
(microtype)             `AdobeGaramondPro' (encoding: TU).
(microtype)             For optimal results, create family-specific settings.
(microtype)             See the microtype manual for details.
\AtBeginShipoutBox=\box72
Package hyperref Info: Link coloring ON on input line 66.
(d:/texlive/2018/texmf-dist/tex/latex/hyperref/nameref.sty
Package: nameref 2016/05/21 v2.44 Cross-referencing by name of section

(d:/texlive/2018/texmf-dist/tex/generic/oberdiek/gettitlestring.sty
Package: gettitlestring 2016/05/16 v1.5 Cleanup title references (HO)
)
\c@section@level=\count280
)
LaTeX Info: Redefining \ref on input line 66.
LaTeX Info: Redefining \pageref on input line 66.
LaTeX Info: Redefining \nameref on input line 66.

(./JavaCheat.out) (./JavaCheat.out)
\@outlinefile=\write3
\openout3 = `JavaCheat.out'.

 (./JavaCheat.toc
(d:/texlive/2018/texmf-dist/tex/latex/microtype/mt-cmr.cfg
File: mt-cmr.cfg 2013/05/19 v2.2 microtype config. file: Computer Modern Roman 
(RS)
)
LaTeX Font Info:    External font `cmex10' loaded for size
(Font)              <12> on input line 2.
LaTeX Font Info:    External font `cmex10' loaded for size
(Font)              <8> on input line 2.
LaTeX Font Info:    External font `cmex10' loaded for size
(Font)              <6> on input line 2.
 [1

])
\tf@toc=\write4
\openout4 = `JavaCheat.toc'.


Package fontspec Info: Font family 'AdobeGaramondPro(2)' created for font
(fontspec)             'Adobe Garamond Pro' with options
(fontspec)             [Ligatures=TeX,Ligatures={TeX,Common},BoldFont={AGaramon
dPro-Bold},ItalicFont={AGaramondPro-Italic},BoldItalicFont={AGaramondPro-Semibo
ldItalic},Numbers=OldStyle].
(fontspec)              
(fontspec)              This font family consists of the following NFSS
(fontspec)             series/shapes:
(fontspec)              
(fontspec)             - 'normal' (m/n) with NFSS spec.: <->"Adobe Garamond
(fontspec)             Pro/OT:script=latn;language=DFLT;+liga;+onum;mapping=tex
-text;"
(fontspec)             - 'small caps'  (m/sc) with NFSS spec.: <->"Adobe
(fontspec)             Garamond
(fontspec)             Pro/OT:script=latn;language=DFLT;+liga;+onum;+smcp;mappi
ng=tex-text;"
(fontspec)             - 'bold' (bx/n) with NFSS spec.:
(fontspec)             <->"AGaramondPro-Bold/OT:script=latn;language=DFLT;+liga
;+onum;mapping=tex-text;"
(fontspec)             - 'bold small caps'  (bx/sc) with NFSS spec.: 
(fontspec)             - 'italic' (m/it) with NFSS spec.:
(fontspec)             <->"AGaramondPro-Italic/OT:script=latn;language=DFLT;+li
ga;+onum;mapping=tex-text;"
(fontspec)             - 'italic small caps'  (m/itsc) with NFSS spec.: 
(fontspec)             - 'bold italic' (bx/it) with NFSS spec.:
(fontspec)             <->"AGaramondPro-SemiboldItalic/OT:script=latn;language=
DFLT;+liga;+onum;mapping=tex-text;"
(fontspec)             - 'bold italic small caps'  (bx/itsc) with NFSS spec.: 

LaTeX Font Info:    External font `cmex10' loaded for size
(Font)              <7> on input line 126.
LaTeX Font Info:    External font `cmex10' loaded for size
(Font)              <5> on input line 126.
 [2] [3]
[4] [5] [6] [7] [8] [9] [10] [11] [12] [13] [14] [15]
LaTeX Font Info:    External font `cmex10' loaded for size
(Font)              <14.4> on input line 1341.
 [16]
Package atveryend Info: Empty hook `BeforeClearDocument' on input line 1359.
Package atveryend Info: Empty hook `AfterLastShipout' on input line 1359.
 (./JavaCheat.aux)
Package atveryend Info: Empty hook `AtVeryEndDocument' on input line 1359.
Package atveryend Info: Executing hook `AtEndAfterFileList' on input line 1359.

Package rerunfilecheck Info: File `JavaCheat.out' has not changed.
(rerunfilecheck)             Checksum: EB687735584FAE8F141E7B8C52F7E274.
Package atveryend Info: Empty hook `AtVeryVeryEnd' on input line 1359.
 ) 
Here is how much of TeX's memory you used:
 22084 strings out of 492933
 422380 string characters out of 6136537
 573432 words of memory out of 5000000
 25997 multiletter control sequences out of 15000+600000
 536547 words of font info for 62 fonts, out of 8000000 for 9000
 1348 hyphenation exceptions out of 8191
 48i,6n,93p,908b,840s stack positions out of 5000i,500n,10000p,200000b,80000s

Output written on JavaCheat.pdf (16 pages).
